[2025-10-28 11:19:51] === НАЧАЛО РЕЗЕРВНОГО КОПИРОВАНИЯ ===
[2025-10-28 11:19:51] Копирование файлов и папок...
[2025-10-28 11:19:51] УСПЕХ: Скопирован /home/dmitry/backup.log
[2025-10-28 11:19:51] ПРЕДУПРЕЖДЕНИЕ: Путь /home/dmitry/Изображения/СнимкиЭкрана не существует
[2025-10-28 11:19:51] Работа с Git репозиторием...
Из https://github.com/ProjBosh/AIS
 * branch            main       -> FETCH_HEAD
Уже актуально.
[main c5ebc27] Автоматическое резервное копирование 2025-10-28 11:19:51
 1 file changed, 2 insertions(+), 20 deletions(-)
 rewrite backup.log (97%)
remote: Permission to ProjBosh/AIS.git denied to ProjBosh.
fatal: «https://github.com/ProjBosh/AIS.git/» недоступно: The requested URL returned error: 403
[2025-10-28 11:19:51] ОШИБКА: Не удалось отправить изменения в удаленный репозиторий
Детали ошибки:
remote: Permission to ProjBosh/AIS.git denied to ProjBosh.
fatal: «https://github.com/ProjBosh/AIS.git/» недоступно: The requested URL returned error: 403
[2025-10-28 11:19:51] === ЗАВЕРШЕНИЕ РЕЗЕРВНОГО КОПИРОВАНИЯ ===
2025-10-28 11:39:45 - Начало резервного копирования
Клонирование в «/home/dmitry/backup_repo»...
Из github.com:ProjBosh/AIS
 * branch            main       -> FETCH_HEAD
Уже актуально.
2025-10-28 11:39:49 - УСПЕХ: Скопирован /home/dmitry/backup.log
2025-10-28 11:39:49 - ПРЕДУПРЕЖДЕНИЕ: /home/dmitry/Изображения/СнимкиЭкрана не существует
2025-10-28 11:39:50 - УСПЕХ: Скопирован /home/dmitry/test_dir
[main 592e076] Автоматическое резервное копирование 2025-10-28 11:39:50
 1 file changed, 23 insertions(+)
 create mode 100644 backup.log
To github.com:ProjBosh/AIS.git
   a57246a..592e076  main -> main
2025-10-28 11:39:52 - УСПЕХ: Резервное копирование завершено
2025-10-28 11:41:34 - Начало резервного копирования
Из github.com:ProjBosh/AIS
 * branch            main       -> FETCH_HEAD
Уже актуально.
2025-10-28 11:41:36 - УСПЕХ: Скопирован /home/dmitry/backup.log
2025-10-28 11:41:36 - ПРЕДУПРЕЖДЕНИЕ: /home/dmitry/Изображения/СнимкиЭкрана не существует
2025-10-28 11:41:36 - УСПЕХ: Скопирован /home/dmitry/test_dir
[main 51e4ae8] Автоматическое резервное копирование 2025-10-28 11:41:36
 3 files changed, 13 insertions(+)
 create mode 100644 test_dir/1
 create mode 100644 test_dir/2
To github.com:ProjBosh/AIS.git
   592e076..51e4ae8  main -> main
2025-10-28 11:41:38 - УСПЕХ: Резервное копирование завершено
2025-10-28 11:44:42 - Начало резервного копирования
Из github.com:ProjBosh/AIS
 * branch            main       -> FETCH_HEAD
Уже актуально.
